2016-09-01 22:12:50.007 [main] INFO  io.egreen.apistudio.bootstrap.ApiStudio - API-STUDIO STARTED...
2016-09-01 22:12:50.127 [main] DEBUG org.jboss.logging - Logging Provider: org.jboss.logging.Log4j2LoggerProvider
2016-09-01 22:12:50.146 [main] INFO  org.jboss.weld.Version - WELD-000900: 3.0.0 (Alpha16)
2016-09-01 22:12:50.448 [main] DEBUG org.jboss.weld.Bootstrap - WELD-ENV-000030: Cannot load class using the ResourceLoader: org.jboss.jandex.Index
2016-09-01 22:12:50.647 [main] DEBUG org.jboss.weld.environment.deployment.discovery.DefaultBeanArchiveScanner - Resolved bean archive reference: /C:/Users/Pramode Wimukthi/.gradle/caches/modules-2/files-2.1/org.glassfish.jersey.ext.cdi/jersey-weld2-se/2.23.1/a6ceb9a9eecf27009706591bf495cd6dc31d8128/jersey-weld2-se-2.23.1.jar for URL: jar:file:/C:/Users/Pramode%20Wimukthi/.gradle/caches/modules-2/files-2.1/org.glassfish.jersey.ext.cdi/jersey-weld2-se/2.23.1/a6ceb9a9eecf27009706591bf495cd6dc31d8128/jersey-weld2-se-2.23.1.jar!/META-INF/beans.xml
2016-09-01 22:12:50.654 [main] DEBUG org.jboss.weld.Bootstrap - WELD-ENV-000032: Processing bean archive reference: /C:/Users/Pramode Wimukthi/.gradle/caches/modules-2/files-2.1/org.glassfish.jersey.ext.cdi/jersey-weld2-se/2.23.1/a6ceb9a9eecf27009706591bf495cd6dc31d8128/jersey-weld2-se-2.23.1.jar
2016-09-01 22:12:50.657 [main] DEBUG org.jboss.weld.environment.deployment.discovery.FileSystemBeanArchiveHandler - Handle path: /C:/Users/Pramode Wimukthi/.gradle/caches/modules-2/files-2.1/org.glassfish.jersey.ext.cdi/jersey-weld2-se/2.23.1/a6ceb9a9eecf27009706591bf495cd6dc31d8128/jersey-weld2-se-2.23.1.jar
2016-09-01 22:12:50.657 [main] DEBUG org.jboss.weld.environment.deployment.discovery.FileSystemBeanArchiveHandler - Handle archive file: C:\Users\Pramode Wimukthi\.gradle\caches\modules-2\files-2.1\org.glassfish.jersey.ext.cdi\jersey-weld2-se\2.23.1\a6ceb9a9eecf27009706591bf495cd6dc31d8128\jersey-weld2-se-2.23.1.jar
2016-09-01 22:12:50.665 [main] DEBUG org.jboss.weld.Bootstrap - WELD-ENV-000039: Bean archive reference /C:/Users/Pramode Wimukthi/.gradle/caches/modules-2/files-2.1/org.glassfish.jersey.ext.cdi/jersey-weld2-se/2.23.1/a6ceb9a9eecf27009706591bf495cd6dc31d8128/jersey-weld2-se-2.23.1.jar handled by org.jboss.weld.environment.deployment.discovery.FileSystemBeanArchiveHandler@1680b5a
2016-09-01 22:12:50.681 [main] DEBUG org.jboss.weld.Bootstrap - WELD-ENV-002004: Scanning package io.egreen.apistudio.datalayer.mongodb, class resource: jar:file:/C:/Users/Pramode%20Wimukthi/.gradle/caches/modules-2/files-2.1/io.egreen.apistudio/mongo-datalayer/0.0.8/1c129b09fed19e25dfd8f5de76287330b4185ef2/mongo-datalayer-0.0.8.jar!/io/egreen/apistudio/datalayer/mongodb/MongoModuleInitializer.class
2016-09-01 22:12:50.685 [main] DEBUG org.jboss.weld.Bootstrap - WELD-ENV-002004: Scanning package io.egreen.apistudio.bootstrap, class resource: jar:file:/C:/Users/Pramode%20Wimukthi/.gradle/caches/modules-2/files-2.1/io.egreen.apistudio/bootstrap/0.1/a29075cfa62f9f24db404765efdfd12b85c5867e/bootstrap-0.1.jar!/io/egreen/apistudio/bootstrap/ApiStudio.class
2016-09-01 22:12:50.694 [main] DEBUG org.jboss.weld.Bootstrap - WELD-ENV-002004: Scanning package io.egreen.wimukthi.microsys, class resource: file:/C:/Users/Pramode%20Wimukthi/IdeaProjects/MicroSys/build/classes/main/io/egreen/wimukthi/microsys/MicroMain.class
2016-09-01 22:12:50.716 [main] DEBUG org.jboss.weld.Bootstrap - WELD-ENV-000024: Archive isolation enabled - creating multiple isolated bean archives if needed
2016-09-01 22:12:50.788 [main] DEBUG org.jboss.weld.Configuration - WELD-001906: ResourceLoader not specified for WeldBeanDeploymentArchive [id=org.jboss.weld.environment.deployment.WeldDeployment.synthetic], file properties will not be loaded
2016-09-01 22:12:50.790 [main] DEBUG org.jboss.weld.Configuration - WELD-001906: ResourceLoader not specified for WeldBeanDeploymentArchive [id=org.jboss.weld.environment.deployment.WeldDeployment.synthetic], file properties will not be loaded
2016-09-01 22:12:50.797 [main] DEBUG org.jboss.weld.Configuration - WELD-001906: ResourceLoader not specified for WeldBeanDeploymentArchive [id=org.jboss.weld.environment.deployment.WeldDeployment.synthetic], file properties will not be loaded
2016-09-01 22:12:50.799 [main] DEBUG org.jboss.weld.Configuration - WELD-001906: ResourceLoader not specified for WeldBeanDeploymentArchive [id=org.jboss.weld.environment.deployment.WeldDeployment.synthetic], file properties will not be loaded
2016-09-01 22:12:50.809 [main] DEBUG org.jboss.weld.Configuration - WELD-001902: Configuration initialized: {EXECUTOR_THREAD_POOL_TYPE=COMMON, RELAXED_CONSTRUCTION=true}
2016-09-01 22:12:50.867 [main] DEBUG org.jboss.weld.Bootstrap - Using Weld modules: []
2016-09-01 22:12:51.049 [main] DEBUG org.jboss.weld.Bootstrap - Using instantiator: org.jboss.weld.bean.proxy.UnsafeProxyInstantiator
2016-09-01 22:12:51.145 [main] INFO  org.jboss.weld.Bootstrap - WELD-000101: Transactional services not available. Injection of @Inject UserTransaction not available. Transactional observers will be invoked synchronously.
2016-09-01 22:12:51.397 [main] DEBUG org.jboss.weld.Bootstrap - WELD-000106: Bean: WELD%AbstractBuiltInBean%deployment%ApplicationContext
2016-09-01 22:12:51.410 [main] DEBUG org.jboss.weld.Reflection - WELD-000601: interface javax.inject.Singleton is missing @Target. Weld will use this annotation, however this may make the application unportable.
2016-09-01 22:12:51.411 [main] DEBUG org.jboss.weld.Bootstrap - WELD-000106: Bean: WELD%AbstractBuiltInBean%deployment%SingletonContext
2016-09-01 22:12:51.420 [main] DEBUG org.jboss.weld.Bootstrap - WELD-000106: Bean: WELD%AbstractBuiltInBean%deployment%BoundSessionContext
2016-09-01 22:12:51.423 [main] DEBUG org.jboss.weld.Bootstrap - WELD-000106: Bean: WELD%AbstractBuiltInBean%deployment%BoundConversationContext
2016-09-01 22:12:51.427 [main] DEBUG org.jboss.weld.Bootstrap - WELD-000106: Bean: WELD%AbstractBuiltInBean%deployment%BoundRequestContext
2016-09-01 22:12:51.428 [main] DEBUG org.jboss.weld.Bootstrap - WELD-000106: Bean: WELD%AbstractBuiltInBean%deployment%RequestContext
2016-09-01 22:12:51.431 [main] DEBUG org.jboss.weld.Bootstrap - WELD-000106: Bean: WELD%AbstractBuiltInBean%deployment%DependentContext
2016-09-01 22:12:51.506 [main] DEBUG org.jboss.weld.Bootstrap - WELD-000106: Bean: Built-in Bean [javax.enterprise.inject.spi.BeanManager] with qualifiers [@Default]
2016-09-01 22:12:51.508 [main] DEBUG org.jboss.weld.Bootstrap - WELD-000106: Bean: Built-in Bean [org.jboss.weld.manager.BeanManagerImpl] with qualifiers [@Default]
2016-09-01 22:12:51.514 [main] DEBUG org.jboss.weld.Bootstrap - WELD-000106: Bean: Built-in Bean [javax.enterprise.inject.spi.BeanManager] with qualifiers [@Default]
2016-09-01 22:12:51.514 [main] DEBUG org.jboss.weld.Bootstrap - WELD-000106: Bean: Built-in Bean [org.jboss.weld.manager.BeanManagerImpl] with qualifiers [@Default]
2016-09-01 22:12:51.524 [main] DEBUG org.jboss.weld.Bootstrap - WELD-000106: Bean: Built-in Bean [javax.enterprise.inject.spi.BeanManager] with qualifiers [@Default]
2016-09-01 22:12:51.525 [main] DEBUG org.jboss.weld.Bootstrap - WELD-000106: Bean: Built-in Bean [org.jboss.weld.manager.BeanManagerImpl] with qualifiers [@Default]
2016-09-01 22:12:51.679 [main] DEBUG org.jboss.weld.Bootstrap - WELD-000106: Bean: Extension [class org.jboss.weld.environment.se.WeldSEBeanRegistrant] with qualifiers [@Default]; jar:file:/C:/Users/Pramode%20Wimukthi/.gradle/caches/modules-2/files-2.1/org.jboss.weld.se/weld-se-core/3.0.0.Alpha16/6a130b85a4b056b5f4c149eee496034e8daff1f4/weld-se-core-3.0.0.Alpha16.jar!/META-INF/services/javax.enterprise.inject.spi.Extension@1[org.jboss.weld.environment.se.WeldSEBeanRegistrant@167e23c]
2016-09-01 22:12:51.721 [main] DEBUG org.jboss.weld.Bootstrap - WELD-000106: Bean: Extension [class org.glassfish.jersey.ext.cdi1x.internal.CdiComponentProvider] with qualifiers [@Default]; jar:file:/C:/Users/Pramode%20Wimukthi/.gradle/caches/modules-2/files-2.1/org.glassfish.jersey.ext.cdi/jersey-cdi1x/2.23.1/661bf7dccb9221ea68ad758c5c1737c71017599d/jersey-cdi1x-2.23.1.jar!/META-INF/services/javax.enterprise.inject.spi.Extension@1[org.glassfish.jersey.ext.cdi1x.internal.CdiComponentProvider@1cb6996]
2016-09-01 22:12:51.727 [main] INFO  org.jboss.weld.Event - WELD-000411: Observer method [BackedAnnotatedMethod] private org.glassfish.jersey.ext.cdi1x.internal.CdiComponentProvider.processAnnotatedType(@Observes ProcessAnnotatedType) receives events for all annotated types. Consider restricting events using @WithAnnotations or a generic type with bounds.
2016-09-01 22:12:51.729 [main] DEBUG org.jboss.weld.Bootstrap - WELD-000106: Bean: Built-in Bean [javax.enterprise.inject.spi.BeanManager] with qualifiers [@Default]
2016-09-01 22:12:51.729 [main] DEBUG org.jboss.weld.Bootstrap - WELD-000106: Bean: Built-in Bean [org.jboss.weld.manager.BeanManagerImpl] with qualifiers [@Default]
2016-09-01 22:12:51.762 [main] WARN  org.jboss.weld.Bootstrap - WELD-000146: BeforeBeanDiscovery.addAnnotatedType(AnnotatedType<?>) used for class org.glassfish.jersey.ext.cdi1x.internal.CdiComponentProvider$JaxRsParamProducer is deprecated from CDI 1.1!
2016-09-01 22:12:51.794 [main] DEBUG org.jboss.weld.Bootstrap - WELD-000162: BeforeBeanDiscovery.addAnnotatedType() called by org.glassfish.jersey.ext.cdi1x.internal.CdiComponentProvider@1cb6996 for [BackedAnnotatedType] public static @ApplicationScoped class org.glassfish.jersey.ext.cdi1x.internal.CdiComponentProvider$JaxRsParamProducer
2016-09-01 22:12:51.799 [main] DEBUG org.jboss.weld.Bootstrap - WELD-000162: BeforeBeanDiscovery.addAnnotatedType() called by org.glassfish.jersey.ext.cdi1x.internal.CdiComponentProvider@1cb6996 for [BackedAnnotatedType] public static @ApplicationScoped class org.glassfish.jersey.ext.cdi1x.internal.CdiComponentProvider$JaxRsParamProducer
2016-09-01 22:12:51.808 [main] DEBUG org.jboss.weld.Bootstrap - WELD-000162: BeforeBeanDiscovery.addAnnotatedType() called by org.jboss.weld.environment.se.WeldSEBeanRegistrant@167e23c for [BackedAnnotatedType] public @Vetoed @ApplicationScoped class org.jboss.weld.environment.se.beans.ParametersFactory
2016-09-01 22:12:51.815 [main] DEBUG org.jboss.weld.Bootstrap - WELD-000162: BeforeBeanDiscovery.addAnnotatedType() called by org.jboss.weld.environment.se.WeldSEBeanRegistrant@167e23c for [BackedAnnotatedType] public @Vetoed @Deprecated class org.jboss.weld.environment.se.beans.InstanceManager
2016-09-01 22:12:51.822 [main] DEBUG org.jboss.weld.Bootstrap - WELD-000162: BeforeBeanDiscovery.addAnnotatedType() called by org.jboss.weld.environment.se.WeldSEBeanRegistrant@167e23c for [BackedAnnotatedType] public @Decorator class org.jboss.weld.environment.se.threading.RunnableDecorator
2016-09-01 22:12:51.833 [main] DEBUG org.jboss.weld.Bootstrap - WELD-000162: BeforeBeanDiscovery.addAnnotatedType() called by org.jboss.weld.environment.se.WeldSEBeanRegistrant@167e23c for [BackedAnnotatedType] public @Vetoed @Interceptor @ActivateRequestScope @Priority class org.jboss.weld.environment.se.contexts.interceptors.ActivateRequestScopeInterceptor
2016-09-01 22:12:51.838 [main] DEBUG org.jboss.weld.Bootstrap - WELD-000162: BeforeBeanDiscovery.addAnnotatedType() called by org.jboss.weld.environment.se.WeldSEBeanRegistrant@167e23c for [BackedAnnotatedType] public @Vetoed @Interceptor @ActivateThreadScope @Priority class org.jboss.weld.environment.se.contexts.interceptors.ActivateThreadScopeInterceptor
2016-09-01 22:12:52.927 [main] DEBUG org.jboss.weld.Bootstrap - WELD-000103: Enabled alternatives for Weld BeanManager for org.jboss.weld.environment.deployment.WeldDeployment.synthetic [bean count=2]: 
  - class io.egreen.apistudio.bootstrap.provider.ApiStudioObjectMapperProvider,
  - class io.egreen.apistudio.bootstrap.filter.AuthFilter
2016-09-01 22:12:52.928 [main] DEBUG org.jboss.weld.Bootstrap - WELD-000104: Enabled decorator types for Weld BeanManager for org.jboss.weld.environment.deployment.WeldDeployment.synthetic [bean count=2]: (empty collection)
2016-09-01 22:12:52.928 [main] DEBUG org.jboss.weld.Bootstrap - WELD-000105: Enabled interceptor types for Weld BeanManager for org.jboss.weld.environment.deployment.WeldDeployment.synthetic [bean count=2]: 
  - class org.jboss.weld.environment.se.contexts.interceptors.ActivateRequestScopeInterceptor,
  - class org.jboss.weld.environment.se.contexts.interceptors.ActivateThreadScopeInterceptor
2016-09-01 22:12:52.929 [main] DEBUG org.jboss.weld.Bootstrap - WELD-000103: Enabled alternatives for Weld BeanManager for org.jboss.weld.environment.deployment.WeldDeployment.additionalClasses [bean count=4]: 
  - class io.egreen.apistudio.bootstrap.provider.ApiStudioObjectMapperProvider,
  - class io.egreen.apistudio.bootstrap.filter.AuthFilter
2016-09-01 22:12:52.929 [main] DEBUG org.jboss.weld.Bootstrap - WELD-000104: Enabled decorator types for Weld BeanManager for org.jboss.weld.environment.deployment.WeldDeployment.additionalClasses [bean count=4]: (empty collection)
2016-09-01 22:12:52.929 [main] DEBUG org.jboss.weld.Bootstrap - WELD-000105: Enabled interceptor types for Weld BeanManager for org.jboss.weld.environment.deployment.WeldDeployment.additionalClasses [bean count=4]: 
  - class org.jboss.weld.environment.se.contexts.interceptors.ActivateRequestScopeInterceptor,
  - class org.jboss.weld.environment.se.contexts.interceptors.ActivateThreadScopeInterceptor
2016-09-01 22:12:52.930 [main] DEBUG org.jboss.weld.Bootstrap - WELD-000103: Enabled alternatives for Weld BeanManager for /C:/Users/Pramode Wimukthi/.gradle/caches/modules-2/files-2.1/org.glassfish.jersey.ext.cdi/jersey-weld2-se/2.23.1/a6ceb9a9eecf27009706591bf495cd6dc31d8128/jersey-weld2-se-2.23.1.jar [bean count=2]: 
  - class io.egreen.apistudio.bootstrap.provider.ApiStudioObjectMapperProvider,
  - class io.egreen.apistudio.bootstrap.filter.AuthFilter
2016-09-01 22:12:52.930 [main] DEBUG org.jboss.weld.Bootstrap - WELD-000104: Enabled decorator types for Weld BeanManager for /C:/Users/Pramode Wimukthi/.gradle/caches/modules-2/files-2.1/org.glassfish.jersey.ext.cdi/jersey-weld2-se/2.23.1/a6ceb9a9eecf27009706591bf495cd6dc31d8128/jersey-weld2-se-2.23.1.jar [bean count=2]: (empty collection)
2016-09-01 22:12:52.930 [main] DEBUG org.jboss.weld.Bootstrap - WELD-000105: Enabled interceptor types for Weld BeanManager for /C:/Users/Pramode Wimukthi/.gradle/caches/modules-2/files-2.1/org.glassfish.jersey.ext.cdi/jersey-weld2-se/2.23.1/a6ceb9a9eecf27009706591bf495cd6dc31d8128/jersey-weld2-se-2.23.1.jar [bean count=2]: 
  - class org.jboss.weld.environment.se.contexts.interceptors.ActivateRequestScopeInterceptor,
  - class org.jboss.weld.environment.se.contexts.interceptors.ActivateThreadScopeInterceptor
2016-09-01 22:12:53.328 [main] DEBUG org.jboss.weld.Bootstrap - WELD-000108: Decorator: Decorator [class org.jboss.weld.environment.se.threading.RunnableDecorator] decorates [Runnable] with delegate type [Runnable] and delegate qualifiers [@Default]
2016-09-01 22:12:53.329 [main] DEBUG org.jboss.weld.Bootstrap - WELD-000107: Interceptor: Interceptor [class org.jboss.weld.environment.se.contexts.interceptors.ActivateThreadScopeInterceptor intercepts @ActivateThreadScope]
2016-09-01 22:12:53.330 [main] DEBUG org.jboss.weld.Bootstrap - WELD-000107: Interceptor: Interceptor [class org.jboss.weld.environment.se.contexts.interceptors.ActivateRequestScopeInterceptor intercepts @ActivateRequestScope]
2016-09-01 22:12:53.527 [main] DEBUG org.jboss.weld.Bootstrap - WELD-000151: ProcessInjectionTarget.setInjectionTarget() called by org.glassfish.jersey.ext.cdi1x.internal.CdiComponentProvider@1cb6996: InjectionTarget for Managed Bean [class io.egreen.apistudio.bootstrap.provider.ApiStudioObjectMapperProvider] with qualifiers [@Any @Default] replaced by org.glassfish.jersey.ext.cdi1x.internal.CdiComponentProvider$8@3e4951
2016-09-01 22:12:53.536 [main] DEBUG org.jboss.weld.Bootstrap - WELD-000151: ProcessInjectionTarget.setInjectionTarget() called by org.glassfish.jersey.ext.cdi1x.internal.CdiComponentProvider@1cb6996: InjectionTarget for Managed Bean [class io.egreen.apistudio.bootstrap.theme.ThymeleafViewProcessor] with qualifiers [@Any @Default] replaced by org.glassfish.jersey.ext.cdi1x.internal.CdiComponentProvider$8@dec700
2016-09-01 22:12:53.537 [main] DEBUG org.jboss.weld.Bootstrap - WELD-000151: ProcessInjectionTarget.setInjectionTarget() called by org.glassfish.jersey.ext.cdi1x.internal.CdiComponentProvider@1cb6996: InjectionTarget for Managed Bean [class io.egreen.apistudio.bootstrap.filter.AuthFilter] with qualifiers [@Any @Default] replaced by org.glassfish.jersey.ext.cdi1x.internal.CdiComponentProvider$8@1026701
2016-09-01 22:12:54.217 [main] DEBUG org.jboss.weld.Bootstrap - WELD-000151: ProcessInjectionTarget.setInjectionTarget() called by org.glassfish.jersey.ext.cdi1x.internal.CdiComponentProvider@1cb6996: InjectionTarget for Managed Bean [class io.egreen.wimukthi.microsys.account.api.AccountControllerApi] with qualifiers [@Any @Default] replaced by org.glassfish.jersey.ext.cdi1x.internal.CdiComponentProvider$8@1f95696
2016-09-01 22:12:54.221 [main] DEBUG org.jboss.weld.Bootstrap - WELD-000151: ProcessInjectionTarget.setInjectionTarget() called by org.glassfish.jersey.ext.cdi1x.internal.CdiComponentProvider@1cb6996: InjectionTarget for Managed Bean [class io.egreen.apistudio.bootstrap.filter.CORSResponseFilter] with qualifiers [@Any @Default] replaced by org.glassfish.jersey.ext.cdi1x.internal.CdiComponentProvider$8@d1d761
2016-09-01 22:12:54.238 [main] DEBUG org.jboss.weld.Bootstrap - WELD-000151: ProcessInjectionTarget.setInjectionTarget() called by org.glassfish.jersey.ext.cdi1x.internal.CdiComponentProvider@1cb6996: InjectionTarget for Managed Bean [class io.egreen.wimukthi.microsys.haddle.api.HaddleControllerApi] with qualifiers [@Any @Default] replaced by org.glassfish.jersey.ext.cdi1x.internal.CdiComponentProvider$8@1d3c823
2016-09-01 22:12:54.248 [main] DEBUG org.jboss.weld.Bootstrap - WELD-000151: ProcessInjectionTarget.setInjectionTarget() called by org.glassfish.jersey.ext.cdi1x.internal.CdiComponentProvider@1cb6996: InjectionTarget for Managed Bean [class io.egreen.wimukthi.microsys.application.api.ApplicationControllerApi] with qualifiers [@Any @Default] replaced by org.glassfish.jersey.ext.cdi1x.internal.CdiComponentProvider$8@4f54e6
2016-09-01 22:12:54.262 [main] DEBUG org.jboss.weld.Bootstrap - WELD-000106: Bean: Managed Bean [class io.egreen.apistudio.bootstrap.websocket.WebsocketConfigurator] with qualifiers [@Any @Default]
2016-09-01 22:12:54.262 [main] DEBUG org.jboss.weld.Bootstrap - WELD-000106: Bean: Managed Bean [class io.egreen.apistudio.bootstrap.ApiStudioApplication] with qualifiers [@Any @Default]
2016-09-01 22:12:54.262 [main] DEBUG org.jboss.weld.Bootstrap - WELD-000106: Bean: Managed Bean [class io.egreen.apistudio.bootstrap.ApiStudio$SETTINGS] with qualifiers [@Any @Default]
2016-09-01 22:12:54.262 [main] DEBUG org.jboss.weld.Bootstrap - WELD-000106: Bean: Managed Bean [class io.egreen.apistudio.datalayer.mongodb.MongoModuleInitializer] with qualifiers [@Any @Default]
2016-09-01 22:12:54.263 [main] DEBUG org.jboss.weld.Bootstrap - WELD-000106: Bean: Managed Bean [class io.egreen.apistudio.bootstrap.provider.ApiStudioObjectMapperProvider] with qualifiers [@Any @Default]
2016-09-01 22:12:54.263 [main] DEBUG org.jboss.weld.Bootstrap - WELD-000106: Bean: Managed Bean [class io.egreen.apistudio.bootstrap.theme.ThymeleafViewProcessor] with qualifiers [@Any @Default]
2016-09-01 22:12:54.263 [main] DEBUG org.jboss.weld.Bootstrap - WELD-000106: Bean: WELD%AbstractBuiltInBean%org.jboss.weld.environment.deployment.WeldDeployment.synthetic%ApplicationContext
2016-09-01 22:12:54.263 [main] DEBUG org.jboss.weld.Bootstrap - WELD-000106: Bean: Managed Bean [class io.egreen.apistudio.bootstrap.filter.AuthFilter] with qualifiers [@Any @Default]
2016-09-01 22:12:54.263 [main] DEBUG org.jboss.weld.Bootstrap - WELD-000106: Bean: Managed Bean [class io.egreen.apistudio.bootstrap.module.ModulRegistar] with qualifiers [@Any @Default]
2016-09-01 22:12:54.263 [main] DEBUG org.jboss.weld.Bootstrap - WELD-000106: Bean: Managed Bean [class io.egreen.apistudio.bootstrap.ext.SwaggerBootstrap] with qualifiers [@Any @Default]
2016-09-01 22:12:54.264 [main] DEBUG org.jboss.weld.Bootstrap - WELD-000106: Bean: Managed Bean [class io.egreen.apistudio.bootstrap.ApiStudio] with qualifiers [@Any @Default]
2016-09-01 22:12:54.264 [main] DEBUG org.jboss.weld.Bootstrap - WELD-000106: Bean: Managed Bean [class io.egreen.wimukthi.microsys.haddle.data.dto.HaddleModel] with qualifiers [@Any @Default]
2016-09-01 22:12:54.264 [main] DEBUG org.jboss.weld.Bootstrap - WELD-000106: Bean: Implicit Bean [javax.enterprise.inject.spi.Decorator] with qualifiers [@Default]
2016-09-01 22:12:54.264 [main] DEBUG org.jboss.weld.Bootstrap - WELD-000106: Bean: Managed Bean [class io.egreen.apistudio.bootstrap.auth.BasicAuth] with qualifiers [@Any @Default]
2016-09-01 22:12:54.264 [main] DEBUG org.jboss.weld.Bootstrap - WELD-000106: Bean: Managed Bean [class io.egreen.wimukthi.microsys.haddle.data.dao.impl.HaddleDAOImpl] with qualifiers [@Any @Default]
2016-09-01 22:12:54.265 [main] DEBUG org.jboss.weld.Bootstrap - WELD-000106: Bean: Managed Bean [class io.egreen.apistudio.datalayer.mongodb.dao.impl.AbstractDAOController] with qualifiers [@Any @Default]
2016-09-01 22:12:54.265 [main] DEBUG org.jboss.weld.Bootstrap - WELD-000106: Bean: Managed Bean [class io.egreen.apistudio.bootstrap.config.processor.AnnotationFilterService] with qualifiers [@Any @Default]
2016-09-01 22:12:54.265 [main] DEBUG org.jboss.weld.Bootstrap - WELD-000106: Bean: Managed Bean [class io.egreen.apistudio.bootstrap.auth.User] with qualifiers [@Any @Default]
2016-09-01 22:12:54.265 [main] DEBUG org.jboss.weld.Bootstrap - WELD-000106: Bean: Managed Bean [class io.egreen.wimukthi.microsys.account.api.AccountControllerApi] with qualifiers [@Any @Default]
2016-09-01 22:12:54.265 [main] DEBUG org.jboss.weld.Bootstrap - WELD-000106: Bean: Managed Bean [class io.egreen.wimukthi.microsys.account.server.AccountServer] with qualifiers [@Any @Default]
2016-09-01 22:12:54.266 [main] DEBUG org.jboss.weld.Bootstrap - WELD-000106: Bean: Implicit Bean [javax.enterprise.inject.spi.InjectionPoint] with qualifiers [@Default]
2016-09-01 22:12:54.266 [main] DEBUG org.jboss.weld.Bootstrap - WELD-000106: Bean: Managed Bean [class io.egreen.apistudio.bootstrap.ApiStudioServer] with qualifiers [@Any @Default]
2016-09-01 22:12:54.266 [main] DEBUG org.jboss.weld.Bootstrap - WELD-000106: Bean: Managed Bean [class io.egreen.apistudio.bootstrap.filter.CORSResponseFilter] with qualifiers [@Any @Default]
2016-09-01 22:12:54.266 [main] DEBUG org.jboss.weld.Bootstrap - WELD-000106: Bean: Implicit Bean [javax.enterprise.inject.spi.Interceptor] with qualifiers [@Default]
2016-09-01 22:12:54.267 [main] DEBUG org.jboss.weld.Bootstrap - WELD-000106: Bean: Implicit Bean [javax.enterprise.inject.spi.Bean] with qualifiers [@Default]
2016-09-01 22:12:54.267 [main] DEBUG org.jboss.weld.Bootstrap - WELD-000106: Bean: Managed Bean [class io.egreen.apistudio.bootstrap.provider.ObjectIdSerializerModule] with qualifiers [@Any @Default]
2016-09-01 22:12:54.267 [main] DEBUG org.jboss.weld.Bootstrap - WELD-000106: Bean: Managed Bean [class io.egreen.apistudio.bootstrap.module.ModuleIntergrator] with qualifiers [@Any @Default]
2016-09-01 22:12:54.268 [main] DEBUG org.jboss.weld.Bootstrap - WELD-000106: Bean: Managed Bean [class io.egreen.apistudio.bootstrap.websocket.MessageDecoder] with qualifiers [@Any @Default]
2016-09-01 22:12:54.268 [main] DEBUG org.jboss.weld.Bootstrap - WELD-000106: Bean: Managed Bean [class io.egreen.wimukthi.microsys.haddle.data.A] with qualifiers [@Any @Default]
2016-09-01 22:12:54.268 [main] DEBUG org.jboss.weld.Bootstrap - WELD-000106: Bean: Managed Bean [class io.egreen.wimukthi.microsys.haddle.api.HaddleControllerApi] with qualifiers [@Any @Default]
2016-09-01 22:12:54.268 [main] DEBUG org.jboss.weld.Bootstrap - WELD-000106: Bean: Managed Bean [class io.egreen.apistudio.bootstrap.processors.JaxRsAnnotationProcessor] with qualifiers [@Any @Default]
2016-09-01 22:12:54.269 [main] DEBUG org.jboss.weld.Bootstrap - WELD-000106: Bean: Implicit Bean [javax.enterprise.inject.spi.Bean] with qualifiers [@Intercepted]
2016-09-01 22:12:54.269 [main] DEBUG org.jboss.weld.Bootstrap - WELD-000106: Bean: Managed Bean [class io.egreen.wimukthi.microsys.application.api.ApplicationControllerApi] with qualifiers [@Any @Default]
2016-09-01 22:12:54.269 [main] DEBUG org.jboss.weld.Bootstrap - WELD-000106: Bean: WELD%AbstractBuiltInBean%org.jboss.weld.environment.deployment.WeldDeployment.synthetic%BoundRequestContext
2016-09-01 22:12:54.269 [main] DEBUG org.jboss.weld.Bootstrap - WELD-000106: Bean: Managed Bean [class io.egreen.wimukthi.microsys.account.data.dao.impl.AccountDAOImpl] with qualifiers [@Any @Default]
2016-09-01 22:12:54.269 [main] DEBUG org.jboss.weld.Bootstrap - WELD-000106: Bean: Implicit Bean [javax.enterprise.inject.Instance] with qualifiers [@Default]
2016-09-01 22:12:54.270 [main] DEBUG org.jboss.weld.Bootstrap - WELD-000106: Bean: Implicit Bean [javax.enterprise.event.Event] with qualifiers [@Default]
2016-09-01 22:12:54.270 [main] DEBUG org.jboss.weld.Bootstrap - WELD-000106: Bean: Managed Bean [class io.egreen.apistudio.bootstrap.ApiStudioContext] with qualifiers [@Any @Default]
2016-09-01 22:12:54.270 [main] DEBUG org.jboss.weld.Bootstrap - WELD-000106: Bean: Managed Bean [class io.egreen.wimukthi.microsys.application.data.dao.impl.ApplicationDAOImpl] with qualifiers [@Any @Default]
2016-09-01 22:12:54.270 [main] DEBUG org.jboss.weld.Bootstrap - WELD-000106: Bean: Managed Bean [class io.egreen.wimukthi.microsys.account.data.dto.AccountModel] with qualifiers [@Any @Default]
2016-09-01 22:12:54.271 [main] DEBUG org.jboss.weld.Bootstrap - WELD-000106: Bean: Managed Bean [class io.egreen.wimukthi.microsys.MicroMain] with qualifiers [@Any @Default]
2016-09-01 22:12:54.271 [main] DEBUG org.jboss.weld.Bootstrap - WELD-000106: Bean: Managed Bean [class io.egreen.apistudio.bootstrap.document.SwaggerModule] with qualifiers [@Any @Default]
2016-09-01 22:12:54.271 [main] DEBUG org.jboss.weld.Bootstrap - WELD-000106: Bean: Managed Bean [class io.egreen.wimukthi.microsys.application.data.dto.ApplicationModel] with qualifiers [@Any @Default]
2016-09-01 22:12:54.271 [main] DEBUG org.jboss.weld.Bootstrap - WELD-000106: Bean: Managed Bean [class io.egreen.wimukthi.microsys.haddle.server.HaddleService] with qualifiers [@Any @Default]
2016-09-01 22:12:54.272 [main] DEBUG org.jboss.weld.Bootstrap - WELD-000106: Bean: Implicit Bean [javax.enterprise.inject.spi.Bean] with qualifiers [@Decorated]
2016-09-01 22:12:54.272 [main] DEBUG org.jboss.weld.Bootstrap - WELD-000106: Bean: WELD%AbstractBuiltInBean%org.jboss.weld.environment.deployment.WeldDeployment.synthetic%BoundSessionContext
2016-09-01 22:12:54.272 [main] DEBUG org.jboss.weld.Bootstrap - WELD-000106: Bean: WELD%AbstractBuiltInBean%org.jboss.weld.environment.deployment.WeldDeployment.synthetic%RequestContext
2016-09-01 22:12:54.272 [main] DEBUG org.jboss.weld.Bootstrap - WELD-000106: Bean: WELD%AbstractBuiltInBean%org.jboss.weld.environment.deployment.WeldDeployment.synthetic%BoundConversationContext
2016-09-01 22:12:54.273 [main] DEBUG org.jboss.weld.Bootstrap - WELD-000106: Bean: WELD%AbstractBuiltInBean%org.jboss.weld.environment.deployment.WeldDeployment.synthetic%Conversation
2016-09-01 22:12:54.273 [main] DEBUG org.jboss.weld.Bootstrap - WELD-000106: Bean: Implicit Bean [javax.enterprise.inject.spi.EventMetadata] with qualifiers [@Default]
2016-09-01 22:12:54.273 [main] DEBUG org.jboss.weld.Bootstrap - WELD-000106: Bean: WELD%AbstractBuiltInBean%org.jboss.weld.environment.deployment.WeldDeployment.synthetic%DependentContext
2016-09-01 22:12:54.274 [main] DEBUG org.jboss.weld.Bootstrap - WELD-000106: Bean: Managed Bean [class io.egreen.wimukthi.microsys.application.server.AppicatiinServer] with qualifiers [@Any @Default]
2016-09-01 22:12:54.274 [main] DEBUG org.jboss.weld.Bootstrap - WELD-000106: Bean: WELD%AbstractBuiltInBean%org.jboss.weld.environment.deployment.WeldDeployment.synthetic%SingletonContext
2016-09-01 22:12:54.274 [main] DEBUG org.jboss.weld.Bootstrap - WELD-000106: Bean: Managed Bean [class io.egreen.apistudio.bootstrap.rest.RestComponentInitializer] with qualifiers [@Any @Default]
2016-09-01 22:12:54.275 [main] DEBUG org.jboss.weld.Bootstrap - WELD-000106: Bean: Managed Bean [class io.egreen.apistudio.bootstrap.auth.AuthenticationThirdParty] with qualifiers [@Any @Default]
2016-09-01 22:12:54.282 [main] DEBUG org.jboss.weld.Bootstrap - WELD-000151: ProcessInjectionTarget.setInjectionTarget() called by org.glassfish.jersey.ext.cdi1x.internal.CdiComponentProvider@1cb6996: InjectionTarget for Managed Bean [class org.glassfish.jersey.ext.cdi1x.internal.CdiComponentProvider$JaxRsParamProducer] with qualifiers [@Any @Default] replaced by org.glassfish.jersey.ext.cdi1x.internal.CdiComponentProvider$7@16f63f6
2016-09-01 22:12:54.282 [main] DEBUG org.jboss.weld.Bootstrap - WELD-000106: Bean: Managed Bean [class org.jboss.weld.environment.se.beans.InstanceManager] with qualifiers [@Any @Default]
2016-09-01 22:12:54.282 [main] DEBUG org.jboss.weld.Bootstrap - WELD-000106: Bean: WELD%AbstractBuiltInBean%org.jboss.weld.environment.deployment.WeldDeployment.additionalClasses%DependentContext
2016-09-01 22:12:54.283 [main] DEBUG org.jboss.weld.Bootstrap - WELD-000106: Bean: Implicit Bean [javax.enterprise.inject.spi.Bean] with qualifiers [@Decorated]
2016-09-01 22:12:54.283 [main] DEBUG org.jboss.weld.Bootstrap - WELD-000106: Bean: WELD%AbstractBuiltInBean%org.jboss.weld.environment.deployment.WeldDeployment.additionalClasses%BoundConversationContext
2016-09-01 22:12:54.283 [main] DEBUG org.jboss.weld.Bootstrap - WELD-000106: Bean: Implicit Bean [javax.enterprise.inject.spi.Bean] with qualifiers [@Intercepted]
2016-09-01 22:12:54.283 [main] DEBUG org.jboss.weld.Bootstrap - WELD-000106: Bean: Implicit Bean [javax.enterprise.inject.spi.Bean] with qualifiers [@Default]
2016-09-01 22:12:54.284 [main] DEBUG org.jboss.weld.Bootstrap - WELD-000106: Bean: WELD%AbstractBuiltInBean%org.jboss.weld.environment.deployment.WeldDeployment.additionalClasses%BoundSessionContext
2016-09-01 22:12:54.284 [main] DEBUG org.jboss.weld.Bootstrap - WELD-000106: Bean: WELD%AbstractBuiltInBean%org.jboss.weld.environment.deployment.WeldDeployment.additionalClasses%ApplicationContext
2016-09-01 22:12:54.284 [main] DEBUG org.jboss.weld.Bootstrap - WELD-000106: Bean: WELD%AbstractBuiltInBean%org.jboss.weld.environment.deployment.WeldDeployment.additionalClasses%RequestContext
2016-09-01 22:12:54.284 [main] DEBUG org.jboss.weld.Bootstrap - WELD-000106: Bean: Implicit Bean [javax.enterprise.inject.spi.Decorator] with qualifiers [@Default]
2016-09-01 22:12:54.285 [main] DEBUG org.jboss.weld.Bootstrap - WELD-000106: Bean: Implicit Bean [javax.enterprise.event.Event] with qualifiers [@Default]
2016-09-01 22:12:54.285 [main] DEBUG org.jboss.weld.Bootstrap - WELD-000106: Bean: Implicit Bean [javax.enterprise.inject.spi.InjectionPoint] with qualifiers [@Default]
2016-09-01 22:12:54.285 [main] DEBUG org.jboss.weld.Bootstrap - WELD-000106: Bean: Managed Bean [class org.jboss.weld.environment.se.beans.ParametersFactory] with qualifiers [@Any @Default]
2016-09-01 22:12:54.286 [main] DEBUG org.jboss.weld.Bootstrap - WELD-000106: Bean: WELD%AbstractBuiltInBean%org.jboss.weld.environment.deployment.WeldDeployment.additionalClasses%Conversation
2016-09-01 22:12:54.286 [main] DEBUG org.jboss.weld.Bootstrap - WELD-000106: Bean: Producer Method [String[]] with qualifiers [@Parameters @Any] declared as [[UnbackedAnnotatedMethod] @Produces @Parameters public org.jboss.weld.environment.se.beans.ParametersFactory.getArgsAsArray()]
2016-09-01 22:12:54.286 [main] DEBUG org.jboss.weld.Bootstrap - WELD-000106: Bean: Producer Method [List<String>] with qualifiers [@Parameters @Any] declared as [[UnbackedAnnotatedMethod] @Produces @Parameters public org.jboss.weld.environment.se.beans.ParametersFactory.getArgs()]
2016-09-01 22:12:54.289 [main] DEBUG org.jboss.weld.Bootstrap - WELD-000106: Bean: Implicit Bean [javax.enterprise.inject.spi.Interceptor] with qualifiers [@Default]
2016-09-01 22:12:54.289 [main] DEBUG org.jboss.weld.Bootstrap - WELD-000106: Bean: Implicit Bean [javax.enterprise.inject.Instance] with qualifiers [@Default]
2016-09-01 22:12:54.289 [main] DEBUG org.jboss.weld.Bootstrap - WELD-000106: Bean: Producer Method [String] with qualifiers [@JaxRsParamQualifier @Any] declared as [[UnbackedAnnotatedMethod] @Produces @JaxRsParamQualifier public org.glassfish.jersey.ext.cdi1x.internal.CdiComponentProvider$JaxRsParamProducer.getParameterValue(InjectionPoint, BeanManager)]
2016-09-01 22:12:54.290 [main] DEBUG org.jboss.weld.Bootstrap - WELD-000106: Bean: Implicit Bean [javax.enterprise.inject.spi.EventMetadata] with qualifiers [@Default]
2016-09-01 22:12:54.290 [main] DEBUG org.jboss.weld.Bootstrap - WELD-000106: Bean: WELD%AbstractBuiltInBean%org.jboss.weld.environment.deployment.WeldDeployment.additionalClasses%BoundRequestContext
2016-09-01 22:12:54.291 [main] DEBUG org.jboss.weld.Bootstrap - WELD-000106: Bean: Managed Bean [class org.glassfish.jersey.ext.cdi1x.internal.CdiComponentProvider$JaxRsParamProducer] with qualifiers [@Any @Default]
2016-09-01 22:12:54.291 [main] DEBUG org.jboss.weld.Bootstrap - WELD-000106: Bean: WELD%AbstractBuiltInBean%org.jboss.weld.environment.deployment.WeldDeployment.additionalClasses%SingletonContext
2016-09-01 22:12:54.296 [main] DEBUG org.jboss.weld.Bootstrap - WELD-000151: ProcessInjectionTarget.setInjectionTarget() called by org.glassfish.jersey.ext.cdi1x.internal.CdiComponentProvider@1cb6996: InjectionTarget for Managed Bean [class org.glassfish.jersey.weld.se.WeldHk2LocatorManager] with qualifiers [@Any @Default] replaced by org.glassfish.jersey.ext.cdi1x.internal.CdiComponentProvider$7@1f684e1
2016-09-01 22:12:54.299 [main] DEBUG org.jboss.weld.Bootstrap - WELD-000106: Bean: WELD%AbstractBuiltInBean%/C:/Users/Pramode Wimukthi/.gradle/caches/modules-2/files-2.1/org.glassfish.jersey.ext.cdi/jersey-weld2-se/2.23.1/a6ceb9a9eecf27009706591bf495cd6dc31d8128/jersey-weld2-se-2.23.1.jar%SingletonContext
2016-09-01 22:12:54.300 [main] DEBUG org.jboss.weld.Bootstrap - WELD-000106: Bean: Implicit Bean [javax.enterprise.event.Event] with qualifiers [@Default]
2016-09-01 22:12:54.300 [main] DEBUG org.jboss.weld.Bootstrap - WELD-000106: Bean: Implicit Bean [javax.enterprise.inject.spi.Bean] with qualifiers [@Intercepted]
2016-09-01 22:12:54.300 [main] DEBUG org.jboss.weld.Bootstrap - WELD-000106: Bean: WELD%AbstractBuiltInBean%/C:/Users/Pramode Wimukthi/.gradle/caches/modules-2/files-2.1/org.glassfish.jersey.ext.cdi/jersey-weld2-se/2.23.1/a6ceb9a9eecf27009706591bf495cd6dc31d8128/jersey-weld2-se-2.23.1.jar%BoundSessionContext
2016-09-01 22:12:54.301 [main] DEBUG org.jboss.weld.Bootstrap - WELD-000106: Bean: Implicit Bean [javax.enterprise.inject.spi.Bean] with qualifiers [@Default]
2016-09-01 22:12:54.301 [main] DEBUG org.jboss.weld.Bootstrap - WELD-000106: Bean: Implicit Bean [javax.enterprise.inject.spi.Interceptor] with qualifiers [@Default]
2016-09-01 22:12:54.301 [main] DEBUG org.jboss.weld.Bootstrap - WELD-000106: Bean: Implicit Bean [javax.enterprise.inject.spi.Decorator] with qualifiers [@Default]
2016-09-01 22:12:54.301 [main] DEBUG org.jboss.weld.Bootstrap - WELD-000106: Bean: WELD%AbstractBuiltInBean%/C:/Users/Pramode Wimukthi/.gradle/caches/modules-2/files-2.1/org.glassfish.jersey.ext.cdi/jersey-weld2-se/2.23.1/a6ceb9a9eecf27009706591bf495cd6dc31d8128/jersey-weld2-se-2.23.1.jar%ApplicationContext
2016-09-01 22:12:54.301 [main] DEBUG org.jboss.weld.Bootstrap - WELD-000106: Bean: Managed Bean [class org.glassfish.jersey.weld.se.WeldRequestScope] with qualifiers [@Any @Default]
2016-09-01 22:12:54.302 [main] DEBUG org.jboss.weld.Bootstrap - WELD-000106: Bean: Managed Bean [class org.glassfish.jersey.weld.se.WeldHk2LocatorManager] with qualifiers [@Any @Default]
2016-09-01 22:12:54.302 [main] DEBUG org.jboss.weld.Bootstrap - WELD-000106: Bean: Implicit Bean [javax.enterprise.inject.spi.Bean] with qualifiers [@Decorated]
2016-09-01 22:12:54.302 [main] DEBUG org.jboss.weld.Bootstrap - WELD-000106: Bean: WELD%AbstractBuiltInBean%/C:/Users/Pramode Wimukthi/.gradle/caches/modules-2/files-2.1/org.glassfish.jersey.ext.cdi/jersey-weld2-se/2.23.1/a6ceb9a9eecf27009706591bf495cd6dc31d8128/jersey-weld2-se-2.23.1.jar%Conversation
2016-09-01 22:12:54.302 [main] DEBUG org.jboss.weld.Bootstrap - WELD-000106: Bean: WELD%AbstractBuiltInBean%/C:/Users/Pramode Wimukthi/.gradle/caches/modules-2/files-2.1/org.glassfish.jersey.ext.cdi/jersey-weld2-se/2.23.1/a6ceb9a9eecf27009706591bf495cd6dc31d8128/jersey-weld2-se-2.23.1.jar%RequestContext
2016-09-01 22:12:54.303 [main] DEBUG org.jboss.weld.Bootstrap - WELD-000106: Bean: Implicit Bean [javax.enterprise.inject.Instance] with qualifiers [@Default]
2016-09-01 22:12:54.304 [main] DEBUG org.jboss.weld.Bootstrap - WELD-000106: Bean: Implicit Bean [javax.enterprise.inject.spi.EventMetadata] with qualifiers [@Default]
2016-09-01 22:12:54.304 [main] DEBUG org.jboss.weld.Bootstrap - WELD-000106: Bean: Implicit Bean [javax.enterprise.inject.spi.InjectionPoint] with qualifiers [@Default]
2016-09-01 22:12:54.304 [main] DEBUG org.jboss.weld.Bootstrap - WELD-000106: Bean: WELD%AbstractBuiltInBean%/C:/Users/Pramode Wimukthi/.gradle/caches/modules-2/files-2.1/org.glassfish.jersey.ext.cdi/jersey-weld2-se/2.23.1/a6ceb9a9eecf27009706591bf495cd6dc31d8128/jersey-weld2-se-2.23.1.jar%BoundConversationContext
2016-09-01 22:12:54.304 [main] DEBUG org.jboss.weld.Bootstrap - WELD-000106: Bean: WELD%AbstractBuiltInBean%/C:/Users/Pramode Wimukthi/.gradle/caches/modules-2/files-2.1/org.glassfish.jersey.ext.cdi/jersey-weld2-se/2.23.1/a6ceb9a9eecf27009706591bf495cd6dc31d8128/jersey-weld2-se-2.23.1.jar%BoundRequestContext
2016-09-01 22:12:54.304 [main] DEBUG org.jboss.weld.Bootstrap - WELD-000106: Bean: WELD%AbstractBuiltInBean%/C:/Users/Pramode Wimukthi/.gradle/caches/modules-2/files-2.1/org.glassfish.jersey.ext.cdi/jersey-weld2-se/2.23.1/a6ceb9a9eecf27009706591bf495cd6dc31d8128/jersey-weld2-se-2.23.1.jar%DependentContext
2016-09-01 22:12:54.313 [main] DEBUG org.jboss.weld.Bootstrap - WELD-000156: AfterBeanDiscovery.addContext() called by org.jboss.weld.environment.se.WeldSEBeanRegistrant@167e23c for org.jboss.weld.environment.se.contexts.ThreadContext@dc4c27
2016-09-01 22:12:54.335 [main] DEBUG org.jboss.weld.Bootstrap - WELD-000106: Bean: Immutable Builder Bean [class org.jboss.weld.environment.se.WeldSEBeanRegistrant, types: WeldContainer, Object, qualifiers: @Any @Default]
2016-09-01 22:12:54.584 [main] DEBUG org.jboss.weld.Bootstrap - WELD-000100: Weld initialized. Validating beans
2016-09-01 22:12:54.640 [main] DEBUG org.jboss.weld.Reflection - WELD-000620: interface javax.enterprise.inject.Decorated is not declared @Target(METHOD, FIELD, PARAMETER, TYPE). Weld will use this annotation, however this may make the application unportable.
2016-09-01 22:12:54.642 [main] DEBUG org.jboss.weld.Reflection - WELD-000620: interface javax.enterprise.inject.Intercepted is not declared @Target(METHOD, FIELD, PARAMETER, TYPE). Weld will use this annotation, however this may make the application unportable.
2016-09-01 22:12:54.652 [main] INFO  org.jboss.weld.Bootstrap - WELD-ENV-002003: Weld SE container STATIC_INSTANCE initialized
2016-09-01 22:12:54.736 [main] INFO  io.egreen.apistudio.bootstrap.ApiStudioApplication - Start all components...
2016-09-01 22:12:54.849 [main] INFO  io.egreen.apistudio.bootstrap.ApiStudioServer - Working server..
2016-09-01 22:12:55.142 [main] INFO  io.egreen.apistudio.bootstrap.ApiStudioServer - Execution time is 5.16100 seconds
2016-09-01 22:13:00.068 [main] INFO  io.egreen.apistudio.bootstrap.ApiStudioServer - starting on http://localhost:6060//micro
